<?xml version="1.0" encoding="UTF-8"?>
<!-- Generated by org.testng.reporters.JUnitReportReporter -->
<testsuite hostname="DESKTOP-FTHOGM6" failures="0" tests="3" name="TestDay2.TestCapital_letter" time="0.011" errors="0" timestamp="2023-11-20T23:11:52 IST" skipped="0">
  <testcase classname="TestDay2.TestCapital_letter" name="testCapitalizeFirstLetterOfWords" time="0.001"/>
  <system-out/>
  <testcase classname="TestDay2.TestCapital_letter" name="testCapitalizeFirstLetterOfWords" time="0.002"/>
  <system-out/>
  <testcase classname="TestDay2.TestCapital_letter" name="testCapitalizeFirstLetterOfWords" time="0.008"/>
  <system-out/>
</testsuite> <!-- TestDay2.TestCapital_letter -->
