<?xml version="1.0" encoding="UTF-8"?>
<!-- Generated by org.testng.reporters.JUnitReportReporter -->
<testsuite hostname="DESKTOP-FTHOGM6" failures="0" tests="3" name="TestPageFactory.TestOrangeHRMLogin" time="21.479" errors="0" timestamp="2023-11-28T14:16:39 IST" skipped="0">
  <testcase classname="TestPageFactory.TestOrangeHRMLogin" name="invalid_username" time="6.246"/>
  <system-out/>
  <testcase classname="TestPageFactory.TestOrangeHRMLogin" name="invalid_passwordLogintest" time="6.248"/>
  <system-out/>
  <testcase classname="TestPageFactory.TestOrangeHRMLogin" name="validLogintest" time="8.985"/>
  <system-out/>
</testsuite> <!-- TestPageFactory.TestOrangeHRMLogin -->
